<?xml version="1.0" encoding="UTF-8"?>
<!-- Generated by org.testng.reporters.JUnitXMLReporter -->
<testsuite ignored="0" hostname="DESKTOP-6SOFM8M" failures="0" tests="3" name="Chrome Browser" time="15.198" errors="0" timestamp="2025-08-04T11:50:01 WIB">
  <testcase classname="testCases.TC001_accountRegistration" name="accRegistration" time="1.91"/>
  <testcase classname="testCases.TC003_login" name="login" time="1.212"/>
  <testcase classname="testCases.TC004_billPayment" name="billPayment" time="2.291"/>
</testsuite> <!-- Chrome Browser -->
