<?xml version="1.0" encoding="UTF-8"?>
<!-- Generated by org.testng.reporters.JUnitXMLReporter -->
<testsuite ignored="0" hostname="DESKTOP-6SOFM8M" failures="0" tests="3" name="Edge Browser" time="15.139" errors="0" timestamp="2025-08-04T11:50:00 WIB">
  <testcase classname="testCases.TC001_accountRegistration" name="accRegistration" time="1.744"/>
  <testcase classname="testCases.TC003_login" name="login" time="1.274"/>
  <testcase classname="testCases.TC004_billPayment" name="billPayment" time="2.29"/>
</testsuite> <!-- Edge Browser -->
