<?xml version="1.0" encoding="UTF-8"?>
<!-- Generated by org.testng.reporters.JUnitXMLReporter -->
<testsuite ignored="0" hostname="DESKTOP-6SOFM8M" failures="0" tests="3" name="Test" time="24.91" errors="0" timestamp="2025-08-04T14:22:27 WIB">
  <testcase classname="testCases.TC001_accountRegistration" name="accRegistration" time="2.079"/>
  <testcase classname="testCases.TC003_login" name="login" time="4.115"/>
  <testcase classname="testCases.TC004_billPayment" name="billPayment" time="7.588"/>
</testsuite> <!-- Test -->
