<?xml version="1.0" encoding="UTF-8"?>
<!-- Generated by org.testng.reporters.JUnitXMLReporter -->
<testsuite ignored="0" hostname="DESKTOP-6SOFM8M" failures="0" tests="3" name="Test" time="14.565" errors="0" timestamp="2025-08-04T18:02:33 WIB">
  <testcase classname="testCases.TC001_accountRegistration" name="accRegistration" time="1.537"/>
  <testcase classname="testCases.TC003_login" name="login" time="1.231"/>
  <testcase classname="testCases.TC004_billPayment" name="billPayment" time="2.455"/>
</testsuite> <!-- Test -->
