<?xml version="1.0" encoding="UTF-8"?>
<testng-results ignored="0" total="3" passed="3" failed="0" skipped="0">
  <reporter-output>
  </reporter-output>
  <suite started-at="2025-08-04T13:58:52 WIB" name="Suite" finished-at="2025-08-04T13:59:14 WIB" duration-ms="21323">
    <groups>
      <group name="regression">
        <method signature="TC001_accountRegistration.accRegistration(java.lang.String)[pri:0, instance:testCases.TC001_accountRegistration@691939c9]" name="accRegistration" class="testCases.TC001_accountRegistration"/>
        <method signature="TC003_login.login(java.lang.String)[pri:0, instance:testCases.TC003_login@22295ec4]" name="login" class="testCases.TC003_login"/>
      </group> <!-- regression -->
      <group name="sanity">
        <method signature="TC004_billPayment.billPayment(java.lang.String)[pri:0, instance:testCases.TC004_billPayment@5adb0db3]" name="billPayment" class="testCases.TC004_billPayment"/>
      </group> <!-- sanity -->
      <group name="master">
        <method signature="TC001_accountRegistration.accRegistration(java.lang.String)[pri:0, instance:testCases.TC001_accountRegistration@691939c9]" name="accRegistration" class="testCases.TC001_accountRegistration"/>
        <method signature="TC003_login.login(java.lang.String)[pri:0, instance:testCases.TC003_login@22295ec4]" name="login" class="testCases.TC003_login"/>
        <method signature="TC004_billPayment.billPayment(java.lang.String)[pri:0, instance:testCases.TC004_billPayment@5adb0db3]" name="billPayment" class="testCases.TC004_billPayment"/>
      </group> <!-- master -->
    </groups>
    <test started-at="2025-08-04T13:58:52 WIB" name="Test" finished-at="2025-08-04T13:59:14 WIB" duration-ms="21323">
      <class name="testCases.TC003_login">
        <test-method is-config="true" signature="setup(java.lang.String,java.lang.String)[pri:0, instance:testCases.TC003_login@22295ec4]" started-at="2025-08-04T13:59:00 WIB" name="setup" finished-at="2025-08-04T13:59:03 WIB" duration-ms="3186" status="PASS">
          <params>
            <param index="0">
              <value>
                <![CDATA[windows]]>
              </value>
            </param>
            <param index="1">
              <value>
                <![CDATA[chrome]]>
              </value>
            </param>
          </params>
          <reporter-output>
          </reporter-output>
        </test-method> <!-- setup -->
        <test-method signature="login(java.lang.String)[pri:0, instance:testCases.TC003_login@22295ec4]" started-at="2025-08-04T13:59:03 WIB" name="login" finished-at="2025-08-04T13:59:05 WIB" duration-ms="2520" status="PASS">
          <params>
            <param index="0">
              <value>
                <![CDATA[chrome]]>
              </value>
            </param>
          </params>
          <reporter-output>
          </reporter-output>
        </test-method> <!-- login -->
        <test-method is-config="true" signature="tearDown()[pri:0, instance:testCases.TC003_login@22295ec4]" started-at="2025-08-04T13:59:05 WIB" name="tearDown" finished-at="2025-08-04T13:59:06 WIB" duration-ms="198" status="PASS">
          <reporter-output>
          </reporter-output>
        </test-method> <!-- tearDown -->
      </class> <!-- testCases.TC003_login -->
      <class name="testCases.TC001_accountRegistration">
        <test-method is-config="true" signature="setup(java.lang.String,java.lang.String)[pri:0, instance:testCases.TC001_accountRegistration@691939c9]" started-at="2025-08-04T13:58:53 WIB" name="setup" finished-at="2025-08-04T13:58:57 WIB" duration-ms="4488" status="PASS">
          <params>
            <param index="0">
              <value>
                <![CDATA[windows]]>
              </value>
            </param>
            <param index="1">
              <value>
                <![CDATA[chrome]]>
              </value>
            </param>
          </params>
          <reporter-output>
          </reporter-output>
        </test-method> <!-- setup -->
        <test-method signature="accRegistration(java.lang.String)[pri:0, instance:testCases.TC001_accountRegistration@691939c9]" started-at="2025-08-04T13:58:57 WIB" name="accRegistration" finished-at="2025-08-04T13:58:59 WIB" duration-ms="2185" status="PASS">
          <params>
            <param index="0">
              <value>
                <![CDATA[chrome]]>
              </value>
            </param>
          </params>
          <reporter-output>
          </reporter-output>
        </test-method> <!-- accRegistration -->
        <test-method is-config="true" signature="tearDown()[pri:0, instance:testCases.TC001_accountRegistration@691939c9]" started-at="2025-08-04T13:58:59 WIB" name="tearDown" finished-at="2025-08-04T13:59:00 WIB" duration-ms="247" status="PASS">
          <reporter-output>
          </reporter-output>
        </test-method> <!-- tearDown -->
      </class> <!-- testCases.TC001_accountRegistration -->
      <class name="testCases.TC004_billPayment">
        <test-method is-config="true" signature="setup(java.lang.String,java.lang.String)[pri:0, instance:testCases.TC004_billPayment@5adb0db3]" started-at="2025-08-04T13:59:06 WIB" name="setup" finished-at="2025-08-04T13:59:08 WIB" duration-ms="2762" status="PASS">
          <params>
            <param index="0">
              <value>
                <![CDATA[windows]]>
              </value>
            </param>
            <param index="1">
              <value>
                <![CDATA[chrome]]>
              </value>
            </param>
          </params>
          <reporter-output>
          </reporter-output>
        </test-method> <!-- setup -->
        <test-method signature="billPayment(java.lang.String)[pri:0, instance:testCases.TC004_billPayment@5adb0db3]" started-at="2025-08-04T13:59:08 WIB" name="billPayment" finished-at="2025-08-04T13:59:14 WIB" duration-ms="5139" status="PASS">
          <params>
            <param index="0">
              <value>
                <![CDATA[chrome]]>
              </value>
            </param>
          </params>
          <reporter-output>
          </reporter-output>
        </test-method> <!-- billPayment -->
        <test-method is-config="true" signature="tearDown()[pri:0, instance:testCases.TC004_billPayment@5adb0db3]" started-at="2025-08-04T13:59:14 WIB" name="tearDown" finished-at="2025-08-04T13:59:14 WIB" duration-ms="245" status="PASS">
          <reporter-output>
          </reporter-output>
        </test-method> <!-- tearDown -->
      </class> <!-- testCases.TC004_billPayment -->
    </test> <!-- Test -->
  </suite> <!-- Suite -->
</testng-results>
